<?xml version="1.0" encoding="UTF-8"?>
<testsuite xmlns:xsi="http://www.w3.org/2001/XMLSchema-instance" xsi:noNamespaceSchemaLocation="https://maven.apache.org/surefire/maven-surefire-plugin/xsd/surefire-test-report.xsd" name="com.epam.tdd_task.AppTest" time="0.082" tests="4" errors="0" skipped="0" failures="0">
  <properties>
[...]
</properties>
  <testcase name="testTwo" classname="com.epam.tdd_task.AppTest" time="0.042"/>
  <testcase name="testChar" classname="com.epam.tdd_task.AppTest" time="0"/>
  <testcase name="testNull" classname="com.epam.tdd_task.AppTest" time="0.006"/>
  <testcase name="testN" classname="com.epam.tdd_task.AppTest" time="0.004"/>
</testsuite>